
*** Running vivado
    with args -log procsys_auto_pc_4.vds -m64 -product Vivado -mode batch -messageDb vivado.pb -notrace -source procsys_auto_pc_4.tcl


****** Vivado v2016.4 (64-bit)
  **** SW Build 1756540 on Mon Jan 23 19:11:19 MST 2017
  **** IP Build 1755317 on Mon Jan 23 20:30:07 MST 2017
    ** Copyright 1986-2016 Xilinx, Inc. All Rights Reserved.

source procsys_auto_pc_4.tcl -notrace
Starting RTL Elaboration : Time (s): cpu = 00:00:15 ; elapsed = 00:00:16 . Memory (MB): peak = 1071.047 ; gain = 139.086 ; free physical = 1830 ; free virtual = 12245
INFO: [Synth 8-638] synthesizing module 'procsys_auto_pc_4' [/home/belgau/Documents/DMPRO/rosetta/build/bitfile_synth/bitfile_synth.srcs/sources_1/bd/procsys/ip/procsys_auto_pc_4/synth/procsys_auto_pc_4.v:58]
INFO: [Synth 8-638] synthesizing module 'axi_protocol_converter_v2_1_11_axi_protocol_converter' [/home/belgau/Documents/DMPRO/rosetta/build/bitfile_synth/bitfile_synth.srcs/sources_1/bd/procsys/ipshared/df1b/hdl/axi_protocol_converter_v2_1_vl_rfs.v:4806]
INFO: [Synth 8-638] synthesizing module 'axi_protocol_converter_v2_1_11_axi3_conv' [/home/belgau/Documents/DMPRO/rosetta/build/bitfile_synth/bitfile_synth.srcs/sources_1/bd/procsys/ipshared/df1b/hdl/axi_protocol_converter_v2_1_vl_rfs.v:954]
INFO: [Synth 8-638] synthesizing module 'axi_protocol_converter_v2_1_11_b_downsizer' [/home/belgau/Documents/DMPRO/rosetta/build/bitfile_synth/bitfile_synth.srcs/sources_1/bd/procsys/ipshared/df1b/hdl/axi_protocol_converter_v2_1_vl_rfs.v:2276]
INFO: [Synth 8-256] done synthesizing module 'axi_protocol_converter_v2_1_11_b_downsizer' (1#1) [/home/belgau/Documents/DMPRO/rosetta/build/bitfile_synth/bitfile_synth.srcs/sources_1/bd/procsys/ipshared/df1b/hdl/axi_protocol_converter_v2_1_vl_rfs.v:2276]
INFO: [Synth 8-638] synthesizing module 'axi_protocol_converter_v2_1_11_a_axi3_conv' [/home/belgau/Documents/DMPRO/rosetta/build/bitfile_synth/bitfile_synth.srcs/sources_1/bd/procsys/ipshared/df1b/hdl/axi_protocol_converter_v2_1_vl_rfs.v:62]
INFO: [Synth 8-638] synthesizing module 'axi_data_fifo_v2_1_10_axic_fifo' [/home/belgau/Documents/DMPRO/rosetta/build/bitfile_synth/bitfile_synth.srcs/sources_1/bd/procsys/ipshared/39ba/hdl/axi_data_fifo_v2_1_vl_rfs.v:64]
INFO: [Synth 8-638] synthesizing module 'axi_data_fifo_v2_1_10_fifo_gen' [/home/belgau/Documents/DMPRO/rosetta/build/bitfile_synth/bitfile_synth.srcs/sources_1/bd/procsys/ipshared/39ba/hdl/axi_data_fifo_v2_1_vl_rfs.v:168]
INFO: [Synth 8-256] done synthesizing module 'axi_data_fifo_v2_1_10_fifo_gen' (20#1) [/home/belgau/Documents/DMPRO/rosetta/build/bitfile_synth/bitfile_synth.srcs/sources_1/bd/procsys/ipshared/39ba/hdl/axi_data_fifo_v2_1_vl_rfs.v:168]
INFO: [Synth 8-256] done synthesizing module 'axi_data_fifo_v2_1_10_axic_fifo' (21#1) [/home/belgau/Documents/DMPRO/rosetta/build/bitfile_synth/bitfile_synth.srcs/sources_1/bd/procsys/ipshared/39ba/hdl/axi_data_fifo_v2_1_vl_rfs.v:64]
INFO: [Synth 8-638] synthesizing module 'axi_data_fifo_v2_1_10_axic_fifo__parameterized0' [/home/belgau/Documents/DMPRO/rosetta/build/bitfile_synth/bitfile_synth.srcs/sources_1/bd/procsys/ipshared/39ba/hdl/axi_data_fifo_v2_1_vl_rfs.v:64]
INFO: [Synth 8-638] synthesizing module 'axi_data_fifo_v2_1_10_fifo_gen__parameterized0' [/home/belgau/Documents/DMPRO/rosetta/build/bitfile_synth/bitfile_synth.srcs/sources_1/bd/procsys/ipshared/39ba/hdl/axi_data_fifo_v2_1_vl_rfs.v:168]
INFO: [Synth 8-256] done synthesizing module 'axi_data_fifo_v2_1_10_fifo_gen__parameterized0' (21#1) [/home/belgau/Documents/DMPRO/rosetta/build/bitfile_synth/bitfile_synth.srcs/sources_1/bd/procsys/ipshared/39ba/hdl/axi_data_fifo_v2_1_vl_rfs.v:168]
INFO: [Synth 8-256] done synthesizing module 'axi_data_fifo_v2_1_10_axic_fifo__parameterized0' (21#1) [/home/belgau/Documents/DMPRO/rosetta/build/bitfile_synth/bitfile_synth.srcs/sources_1/bd/procsys/ipshared/39ba/hdl/axi_data_fifo_v2_1_vl_rfs.v:64]
INFO: [Synth 8-256] done synthesizing module 'axi_protocol_converter_v2_1_11_a_axi3_conv' (22#1) [/home/belgau/Documents/DMPRO/rosetta/build/bitfile_synth/bitfile_synth.srcs/sources_1/bd/procsys/ipshared/df1b/hdl/axi_protocol_converter_v2_1_vl_rfs.v:62]
INFO: [Synth 8-638] synthesizing module 'axi_protocol_converter_v2_1_11_w_axi3_conv' [/home/belgau/Documents/DMPRO/rosetta/build/bitfile_synth/bitfile_synth.srcs/sources_1/bd/procsys/ipshared/df1b/hdl/axi_protocol_converter_v2_1_vl_rfs.v:2004]
INFO: [Synth 8-256] done synthesizing module 'axi_protocol_converter_v2_1_11_w_axi3_conv' (23#1) [/home/belgau/Documents/DMPRO/rosetta/build/bitfile_synth/bitfile_synth.srcs/sources_1/bd/procsys/ipshared/df1b/hdl/axi_protocol_converter_v2_1_vl_rfs.v:2004]
INFO: [Synth 8-638] synthesizing module 'axi_protocol_converter_v2_1_11_a_axi3_conv__parameterized0' [/home/belgau/Documents/DMPRO/rosetta/build/bitfile_synth/bitfile_synth.srcs/sources_1/bd/procsys/ipshared/df1b/hdl/axi_protocol_converter_v2_1_vl_rfs.v:62]
INFO: [Synth 8-638] synthesizing module 'axi_data_fifo_v2_1_10_axic_fifo__parameterized1' [/home/belgau/Documents/DMPRO/rosetta/build/bitfile_synth/bitfile_synth.srcs/sources_1/bd/procsys/ipshared/39ba/hdl/axi_data_fifo_v2_1_vl_rfs.v:64]
INFO: [Synth 8-638] synthesizing module 'axi_data_fifo_v2_1_10_fifo_gen__parameterized1' [/home/belgau/Documents/DMPRO/rosetta/build/bitfile_synth/bitfile_synth.srcs/sources_1/bd/procsys/ipshared/39ba/hdl/axi_data_fifo_v2_1_vl_rfs.v:168]
INFO: [Synth 8-256] done synthesizing module 'axi_data_fifo_v2_1_10_fifo_gen__parameterized1' (23#1) [/home/belgau/Documents/DMPRO/rosetta/build/bitfile_synth/bitfile_synth.srcs/sources_1/bd/procsys/ipshared/39ba/hdl/axi_data_fifo_v2_1_vl_rfs.v:168]
INFO: [Synth 8-256] done synthesizing module 'axi_data_fifo_v2_1_10_axic_fifo__parameterized1' (23#1) [/home/belgau/Documents/DMPRO/rosetta/build/bitfile_synth/bitfile_synth.srcs/sources_1/bd/procsys/ipshared/39ba/hdl/axi_data_fifo_v2_1_vl_rfs.v:64]
INFO: [Synth 8-256] done synthesizing module 'axi_protocol_converter_v2_1_11_a_axi3_conv__parameterized0' (23#1) [/home/belgau/Documents/DMPRO/rosetta/build/bitfile_synth/bitfile_synth.srcs/sources_1/bd/procsys/ipshared/df1b/hdl/axi_protocol_converter_v2_1_vl_rfs.v:62]
INFO: [Synth 8-638] synthesizing module 'axi_protocol_converter_v2_1_11_r_axi3_conv' [/home/belgau/Documents/DMPRO/rosetta/build/bitfile_synth/bitfile_synth.srcs/sources_1/bd/procsys/ipshared/df1b/hdl/axi_protocol_converter_v2_1_vl_rfs.v:1789]
INFO: [Synth 8-256] done synthesizing module 'axi_protocol_converter_v2_1_11_r_axi3_conv' (24#1) [/home/belgau/Documents/DMPRO/rosetta/build/bitfile_synth/bitfile_synth.srcs/sources_1/bd/procsys/ipshared/df1b/hdl/axi_protocol_converter_v2_1_vl_rfs.v:1789]
INFO: [Synth 8-256] done synthesizing module 'axi_protocol_converter_v2_1_11_axi3_conv' (25#1) [/home/belgau/Documents/DMPRO/rosetta/build/bitfile_synth/bitfile_synth.srcs/sources_1/bd/procsys/ipshared/df1b/hdl/axi_protocol_converter_v2_1_vl_rfs.v:954]
INFO: [Synth 8-256] done synthesizing module 'axi_protocol_converter_v2_1_11_axi_protocol_converter' (26#1) [/home/belgau/Documents/DMPRO/rosetta/build/bitfile_synth/bitfile_synth.srcs/sources_1/bd/procsys/ipshared/df1b/hdl/axi_protocol_converter_v2_1_vl_rfs.v:4806]
INFO: [Synth 8-256] done synthesizing module 'procsys_auto_pc_4' (27#1) [/home/belgau/Documents/DMPRO/rosetta/build/bitfile_synth/bitfile_synth.srcs/sources_1/bd/procsys/ip/procsys_auto_pc_4/synth/procsys_auto_pc_4.v:58]
Finished RTL Elaboration : Time (s): cpu = 00:01:04 ; elapsed = 00:01:05 . Memory (MB): peak = 1196.516 ; gain = 264.555 ; free physical = 1321 ; free virtual = 11737
Finished RTL Optimization Phase 1 : Time (s): cpu = 00:01:04 ; elapsed = 00:01:05 . Memory (MB): peak = 1196.516 ; gain = 264.555 ; free physical = 1313 ; free virtual = 11734
INFO: [Device 21-403] Loading part xc7z020clg400-1
Constraint Validation Runtime : Time (s): cpu = 00:00:00.08 ; elapsed = 00:00:00.09 . Memory (MB): peak = 1474.336 ; gain = 0.000 ; free physical = 833 ; free virtual = 11252
Finished Constraint Validation : Time (s): cpu = 00:01:26 ; elapsed = 00:01:27 . Memory (MB): peak = 1474.336 ; gain = 542.375 ; free physical = 823 ; free virtual = 11242
Finished Loading Part and Timing Information : Time (s): cpu = 00:01:26 ; elapsed = 00:01:27 . Memory (MB): peak = 1474.336 ; gain = 542.375 ; free physical = 823 ; free virtual = 11242
Finished applying 'set_property' XDC Constraints : Time (s): cpu = 00:01:26 ; elapsed = 00:01:27 . Memory (MB): peak = 1474.336 ; gain = 542.375 ; free physical = 823 ; free virtual = 11242
Finished RTL Optimization Phase 2 : Time (s): cpu = 00:01:28 ; elapsed = 00:01:29 . Memory (MB): peak = 1474.336 ; gain = 542.375 ; free physical = 826 ; free virtual = 11245
Finished Cross Boundary and Area Optimization : Time (s): cpu = 00:01:32 ; elapsed = 00:01:34 . Memory (MB): peak = 1474.336 ; gain = 542.375 ; free physical = 780 ; free virtual = 11200
---------------------------------------------------------------------------------
Start ROM, RAM, DSP and Shift Register Reporting
---------------------------------------------------------------------------------

Distributed RAM: Preliminary Mapping  Report (see note below)
+-----------------------+-------------------------------------------------------------------------------+----------------+----------------------+----------------+
|Module Name            | RTL Object                                                                    | Inference      | Size (Depth x Width) | Primitives     | 
+-----------------------+-------------------------------------------------------------------------------+----------------+----------------------+----------------+
|fifo_generator_v13_1_3 | inst_fifo_gen/gconvfifo.rf/grf.rf/gntv_or_sync_fifo.mem/gdm.dm_gen.dm/RAM_reg | User Attribute | 32 x 10              | RAM32M x 2     | 
|fifo_generator_v13_1_3 | inst_fifo_gen/gconvfifo.rf/grf.rf/gntv_or_sync_fifo.mem/gdm.dm_gen.dm/RAM_reg | User Attribute | 32 x 5               | RAM32M x 1     | 
|fifo_generator_v13_1_3 | inst_fifo_gen/gconvfifo.rf/grf.rf/gntv_or_sync_fifo.mem/gdm.dm_gen.dm/RAM_reg | User Attribute | 32 x 1               | RAM32X1D x 1   | 
+-----------------------+-------------------------------------------------------------------------------+----------------+----------------------+----------------+

Note: The table above is a preliminary report that shows the Distributed RAMs at the current stage of the synthesis flow. Some Distributed RAMs may be reimplemented as non Distributed RAM primitives later in the synthesis flow. Multiple instantiated RAMs are reported only once.
---------------------------------------------------------------------------------
Finished ROM, RAM, DSP and Shift Register Reporting
---------------------------------------------------------------------------------
Finished Applying XDC Timing Constraints : Time (s): cpu = 00:01:50 ; elapsed = 00:01:51 . Memory (MB): peak = 1474.336 ; gain = 542.375 ; free physical = 661 ; free virtual = 11080
Finished Timing Optimization : Time (s): cpu = 00:01:52 ; elapsed = 00:01:53 . Memory (MB): peak = 1474.336 ; gain = 542.375 ; free physical = 519 ; free virtual = 10938
Finished Technology Mapping : Time (s): cpu = 00:01:52 ; elapsed = 00:01:54 . Memory (MB): peak = 1474.336 ; gain = 542.375 ; free physical = 494 ; free virtual = 10913
Finished IO Insertion : Time (s): cpu = 00:01:53 ; elapsed = 00:01:55 . Memory (MB): peak = 1474.336 ; gain = 542.375 ; free physical = 484 ; free virtual = 10903
Finished Renaming Generated Instances : Time (s): cpu = 00:01:53 ; elapsed = 00:01:55 . Memory (MB): peak = 1474.336 ; gain = 542.375 ; free physical = 475 ; free virtual = 10894
Finished Rebuilding User Hierarchy : Time (s): cpu = 00:01:54 ; elapsed = 00:01:56 . Memory (MB): peak = 1474.336 ; gain = 542.375 ; free physical = 473 ; free virtual = 10893
Finished Renaming Generated Ports : Time (s): cpu = 00:01:54 ; elapsed = 00:01:56 . Memory (MB): peak = 1474.336 ; gain = 542.375 ; free physical = 473 ; free virtual = 10893
Finished Handling Custom Attributes : Time (s): cpu = 00:01:54 ; elapsed = 00:01:56 . Memory (MB): peak = 1474.336 ; gain = 542.375 ; free physical = 473 ; free virtual = 10893
Finished Renaming Generated Nets : Time (s): cpu = 00:01:54 ; elapsed = 00:01:56 . Memory (MB): peak = 1474.336 ; gain = 542.375 ; free physical = 473 ; free virtual = 10893

Report Cell Usage: 
+------+---------+------+
|      |Cell     |Count |
+------+---------+------+
|1     |CARRY4   |    16|
|2     |LUT1     |    21|
|3     |LUT2     |    54|
|4     |LUT3     |    53|
|5     |LUT4     |    73|
|6     |LUT5     |   156|
|7     |LUT6     |    87|
|8     |RAM32M   |     3|
|9     |RAM32X1D |     1|
|10    |FDCE     |    69|
|11    |FDPE     |    63|
|12    |FDRE     |   365|
|13    |FDSE     |     5|
+------+---------+------+
Finished Writing Synthesis Report : Time (s): cpu = 00:01:54 ; elapsed = 00:01:56 . Memory (MB): peak = 1474.336 ; gain = 542.375 ; free physical = 473 ; free virtual = 10893
synth_design: Time (s): cpu = 00:01:52 ; elapsed = 00:01:54 . Memory (MB): peak = 1475.336 ; gain = 475.871 ; free physical = 471 ; free virtual = 10890
